<?xml version="1.0" encoding="UTF-8"?>
<!-- Generated by org.testng.reporters.JUnitReportReporter -->
<testsuite hostname="Ritika" failures="0" tests="1" name="framework.TakeScreenShotEx" time="5.875" errors="0" timestamp="2024-03-22T11:47:31 IST" skipped="0">
  <testcase classname="framework.TakeScreenShotEx" name="screenShot" time="5.875"/>
  <system-out/>
</testsuite> <!-- framework.TakeScreenShotEx -->
