<?xml version="1.0" encoding="UTF-8"?>
<!-- Generated by org.testng.reporters.JUnitReportReporter -->
<testsuite hostname="Ritika" failures="0" tests="4" name="framework.TestNGImplementation" time="0.006" errors="0" timestamp="2024-03-20T12:20:50 IST" skipped="1">
  <testcase classname="framework.TestNGImplementation" name="createContact" time="0.000"/>
  <system-out/>
  <testcase classname="framework.TestNGImplementation" name="deleteContact" time="0.002"/>
  <system-out/>
  <testcase classname="framework.TestNGImplementation" name="createContact" time="0.004"/>
  <system-out/>
  <testcase classname="framework.TestNGImplementation" name="modifyContact">
    <skipped/>
  </testcase> <!-- modifyContact -->
  <system-out/>
</testsuite> <!-- framework.TestNGImplementation -->
